# JRE version: Java(TM) SE Runtime Environment (8.0_201-b09) (build 1.8.0_201-b09)
# Java VM: Java HotSpot(TM) 64-Bit Server VM (25.201-b09 mixed mode linux-amd64 compressed oops)
Heap:
 par new generation   total 76288K, used 0K [0x00000000a0000000, 0x00000000a52c0000, 0x00000000c0000000)
  eden space 67840K,   0% used [0x00000000a0000000, 0x00000000a0000000, 0x00000000a4240000)
  from space 8448K,   0% used [0x00000000a4a80000, 0x00000000a4a80000, 0x00000000a52c0000)
  to   space 8448K,   0% used [0x00000000a4240000, 0x00000000a4240000, 0x00000000a4a80000)
 concurrent mark-sweep generation total 782768K, used 273577K [0x00000000c0000000, 0x00000000efc6c000, 0x0000000100000000)
 Metaspace       used 193119K, capacity 194612K, committed 194768K, reserved 1214464K
  class space    used 30093K, capacity 30477K, committed 30568K, reserved 1048576K
GC Heap History (10 events):
Event: 136.909 GC heap after
Heap after GC invocations=487 (full 9):
 par new generation   total 76288K, used 5130K [0x00000000a0000000, 0x00000000a52c0000, 0x00000000c0000000)
  eden space 67840K,   0% used [0x00000000a0000000, 0x00000000a0000000, 0x00000000a4240000)
  from space 8448K,  60% used [0x00000000a4a80000, 0x00000000a4f828d0, 0x00000000a52c0000)
  to   space 8448K,   0% used [0x00000000a4240000, 0x00000000a4240000, 0x00000000a4a80000)
 concurrent mark-sweep generation total 782768K, used 615680K [0x00000000c0000000, 0x00000000efc6c000, 0x0000000100000000)
 Metaspace       used 192848K, capacity 194420K, committed 194640K, reserved 1214464K
  class space    used 30023K, capacity 30413K, committed 30440K, reserved 1048576K
}
Event: 137.008 GC heap before
{Heap before GC invocations=487 (full 9):
 par new generation   total 76288K, used 72970K [0x00000000a0000000, 0x00000000a52c0000, 0x00000000c0000000)
  eden space 67840K, 100% used [0x00000000a0000000, 0x00000000a4240000, 0x00000000a4240000)
  from space 8448K,  60% used [0x00000000a4a80000, 0x00000000a4f828d0, 0x00000000a52c0000)
  to   space 8448K,   0% used [0x00000000a4240000, 0x00000000a4240000, 0x00000000a4a80000)
 concurrent mark-sweep generation total 782768K, used 615680K [0x00000000c0000000, 0x00000000efc6c000, 0x0000000100000000)
 Metaspace       used 192848K, capacity 194420K, committed 194640K, reserved 1214464K
  class space    used 30023K, capacity 30413K, committed 30440K, reserved 1048576K
Event: 137.035 GC heap after
Heap after GC invocations=488 (full 9):
 par new generation   total 76288K, used 5701K [0x00000000a0000000, 0x00000000a52c0000, 0x00000000c0000000)
  eden space 67840K,   0% used [0x00000000a0000000, 0x00000000a0000000, 0x00000000a4240000)
  from space 8448K,  67% used [0x00000000a4240000, 0x00000000a47d16a0, 0x00000000a4a80000)
  to   space 8448K,   0% used [0x00000000a4a80000, 0x00000000a4a80000, 0x00000000a52c0000)
 concurrent mark-sweep generation total 782768K, used 615680K [0x00000000c0000000, 0x00000000efc6c000, 0x0000000100000000)
 Metaspace       used 192848K, capacity 194420K, committed 194640K, reserved 1214464K
  class space    used 30023K, capacity 30413K, committed 30440K, reserved 1048576K
}
Event: 137.389 GC heap before
{Heap before GC invocations=488 (full 9):
 par new generation   total 76288K, used 73541K [0x00000000a0000000, 0x00000000a52c0000, 0x00000000c0000000)
  eden space 67840K, 100% used [0x00000000a0000000, 0x00000000a4240000, 0x00000000a4240000)
  from space 8448K,  67% used [0x00000000a4240000, 0x00000000a47d16a0, 0x00000000a4a80000)
  to   space 8448K,   0% used [0x00000000a4a80000, 0x00000000a4a80000, 0x00000000a52c0000)
 concurrent mark-sweep generation total 782768K, used 615680K [0x00000000c0000000, 0x00000000efc6c000, 0x0000000100000000)
 Metaspace       used 192914K, capacity 194484K, committed 194640K, reserved 1214464K
  class space    used 30032K, capacity 30413K, committed 30440K, reserved 1048576K
Event: 137.410 GC heap after
Heap after GC invocations=489 (full 9):
 par new generation   total 76288K, used 7395K [0x00000000a0000000, 0x00000000a52c0000, 0x00000000c0000000)
  eden space 67840K,   0% used [0x00000000a0000000, 0x00000000a0000000, 0x00000000a4240000)
  from space 8448K,  87% used [0x00000000a4a80000, 0x00000000a51b8db8, 0x00000000a52c0000)
  to   space 8448K,   0% used [0x00000000a4240000, 0x00000000a4240000, 0x00000000a4a80000)
 concurrent mark-sweep generation total 782768K, used 615845K [0x00000000c0000000, 0x00000000efc6c000, 0x0000000100000000)
 Metaspace       used 192914K, capacity 194484K, committed 194640K, reserved 1214464K
  class space    used 30032K, capacity 30413K, committed 30440K, reserved 1048576K
}
Event: 137.451 GC heap before
{Heap before GC invocations=489 (full 9):
 par new generation   total 76288K, used 75235K [0x00000000a0000000, 0x00000000a52c0000, 0x00000000c0000000)
  eden space 67840K, 100% used [0x00000000a0000000, 0x00000000a4240000, 0x00000000a4240000)
  from space 8448K,  87% used [0x00000000a4a80000, 0x00000000a51b8db8, 0x00000000a52c0000)
  to   space 8448K,   0% used [0x00000000a4240000, 0x00000000a4240000, 0x00000000a4a80000)
 concurrent mark-sweep generation total 782768K, used 615845K [0x00000000c0000000, 0x00000000efc6c000, 0x0000000100000000)
 Metaspace       used 192916K, capacity 194484K, committed 194640K, reserved 1214464K
  class space    used 30032K, capacity 30413K, committed 30440K, reserved 1048576K
Event: 137.470 GC heap after
Heap after GC invocations=490 (full 9):
 par new generation   total 76288K, used 3752K [0x00000000a0000000, 0x00000000a52c0000, 0x00000000c0000000)
  eden space 67840K,   0% used [0x00000000a0000000, 0x00000000a0000000, 0x00000000a4240000)
  from space 8448K,  44% used [0x00000000a4240000, 0x00000000a45ea3c0, 0x00000000a4a80000)
  to   space 8448K,   0% used [0x00000000a4a80000, 0x00000000a4a80000, 0x00000000a52c0000)
 concurrent mark-sweep generation total 782768K, used 617769K [0x00000000c0000000, 0x00000000efc6c000, 0x0000000100000000)
 Metaspace       used 192916K, capacity 194484K, committed 194640K, reserved 1214464K
  class space    used 30032K, capacity 30413K, committed 30440K, reserved 1048576K
}
Event: 137.669 GC heap before
{Heap before GC invocations=490 (full 9):
 par new generation   total 76288K, used 71592K [0x00000000a0000000, 0x00000000a52c0000, 0x00000000c0000000)
  eden space 67840K, 100% used [0x00000000a0000000, 0x00000000a4240000, 0x00000000a4240000)
  from space 8448K,  44% used [0x00000000a4240000, 0x00000000a45ea3c0, 0x00000000a4a80000)
  to   space 8448K,   0% used [0x00000000a4a80000, 0x00000000a4a80000, 0x00000000a52c0000)
 concurrent mark-sweep generation total 782768K, used 617769K [0x00000000c0000000, 0x00000000efc6c000, 0x0000000100000000)
 Metaspace       used 192925K, capacity 194484K, committed 194640K, reserved 1214464K
  class space    used 30032K, capacity 30413K, committed 30440K, reserved 1048576K
Event: 137.697 GC heap after
Heap after GC invocations=491 (full 9):
 par new generation   total 76288K, used 4590K [0x00000000a0000000, 0x00000000a52c0000, 0x00000000c0000000)
  eden space 67840K,   0% used [0x00000000a0000000, 0x00000000a0000000, 0x00000000a4240000)
  from space 8448K,  54% used [0x00000000a4a80000, 0x00000000a4efba30, 0x00000000a52c0000)
  to   space 8448K,   0% used [0x00000000a4240000, 0x00000000a4240000, 0x00000000a4a80000)
 concurrent mark-sweep generation total 782768K, used 617769K [0x00000000c0000000, 0x00000000efc6c000, 0x0000000100000000)
 Metaspace       used 192925K, capacity 194484K, committed 194640K, reserved 1214464K
  class space    used 30032K, capacity 30413K, committed 30440K, reserved 1048576K
}
Event: 137.911 GC heap before
{Heap before GC invocations=491 (full 9):
 par new generation   total 76288K, used 41717K [0x00000000a0000000, 0x00000000a52c0000, 0x00000000c0000000)
  eden space 67840K,  54% used [0x00000000a0000000, 0x00000000a24419e0, 0x00000000a4240000)
  from space 8448K,  54% used [0x00000000a4a80000, 0x00000000a4efba30, 0x00000000a52c0000)
  to   space 8448K,   0% used [0x00000000a4240000, 0x00000000a4240000, 0x00000000a4a80000)
 concurrent mark-sweep generation total 782768K, used 617769K [0x00000000c0000000, 0x00000000efc6c000, 0x0000000100000000)
 Metaspace       used 193119K, capacity 194612K, committed 194768K, reserved 1214464K
  class space    used 30093K, capacity 30477K, committed 30568K, reserved 1048576K

